Using pre-set license
Built from '2021.3/staging' branch; Version is '2021.3.11f1 (0a5ca18544bf) revision 679073'; Using compiler version '192829333'; Build Type 'Release'
OS: 'Windows 10  (10.0.19044) 64bit Professional' Language: 'en' Physical Memory: 15791 MB
BatchMode: 1, IsHumanControllingUs: 0, StartBugReporterOnCrash: 0, Is64bit: 1, IsPro: 1

COMMAND LINE ARGUMENTS:
C:\Program Files\Unity\Hub\Editor\2021.3.11f1\Editor\Unity.exe
-adb2
-batchMode
-noUpm
-name
AssetImportWorker0
-projectPath
C:/Users/ASUS/Desktop/SoccerTask/SoccerBallTask
-logFile
Logs/AssetImportWorker0.log
-srvPort
58902
Successfully changed project path to: C:/Users/ASUS/Desktop/SoccerTask/SoccerBallTask
C:/Users/ASUS/Desktop/SoccerTask/SoccerBallTask
[UnityMemory] Configuration Parameters - Can be set up in boot.config
    "memorysetup-bucket-allocator-granularity=16"
    "memorysetup-bucket-allocator-bucket-count=8"
    "memorysetup-bucket-allocator-block-size=33554432"
    "memorysetup-bucket-allocator-block-count=8"
    "memorysetup-main-allocator-block-size=16777216"
    "memorysetup-thread-allocator-block-size=16777216"
    "memorysetup-gfx-main-allocator-block-size=16777216"
    "memorysetup-gfx-thread-allocator-block-size=16777216"
    "memorysetup-cache-allocator-block-size=4194304"
    "memorysetup-typetree-allocator-block-size=2097152"
    "memorysetup-profiler-bucket-allocator-granularity=16"
    "memorysetup-profiler-bucket-allocator-bucket-count=8"
    "memorysetup-profiler-bucket-allocator-block-size=33554432"
    "memorysetup-profiler-bucket-allocator-block-count=8"
    "memorysetup-profiler-allocator-block-size=16777216"
    "memorysetup-profiler-editor-allocator-block-size=1048576"
    "memorysetup-temp-allocator-size-main=16777216"
    "memorysetup-job-temp-allocator-block-size=2097152"
    "memorysetup-job-temp-allocator-block-size-background=1048576"
    "memorysetup-job-temp-allocator-reduction-small-platforms=262144"
    "memorysetup-temp-allocator-size-background-worker=32768"
    "memorysetup-temp-allocator-size-job-worker=262144"
    "memorysetup-temp-allocator-size-preload-manager=33554432"
    "memorysetup-temp-allocator-size-nav-mesh-worker=65536"
    "memorysetup-temp-allocator-size-audio-worker=65536"
    "memorysetup-temp-allocator-size-cloud-worker=32768"
    "memorysetup-temp-allocator-size-gi-baking-worker=262144"
    "memorysetup-temp-allocator-size-gfx=262144"
Refreshing native plugins compatible for Editor in 138.07 ms, found 3 plugins.
Preloading 0 native plugins for Editor in 0.00 ms.
Initialize engine version: 2021.3.11f1 (0a5ca18544bf)
[Subsystems] Discovering subsystems at path C:/Program Files/Unity/Hub/Editor/2021.3.11f1/Editor/Data/Resources/UnitySubsystems
[Subsystems] Discovering subsystems at path C:/Users/ASUS/Desktop/SoccerTask/SoccerBallTask/Assets
GfxDevice: creating device client; threaded=0; jobified=0
Direct3D:
    Version:  Direct3D 11.0 [level 11.1]
    Renderer: AMD Radeon(TM) Graphics (ID=0x1636)
    Vendor:   ATI
    VRAM:     7895 MB
    Driver:   30.0.13044.3001
Initialize mono
Mono path[0] = 'C:/Program Files/Unity/Hub/Editor/2021.3.11f1/Editor/Data/Managed'
Mono path[1] = 'C:/Program Files/Unity/Hub/Editor/2021.3.11f1/Editor/Data/MonoBleedingEdge/lib/mono/unityjit-win32'
Mono config path = 'C:/Program Files/Unity/Hub/Editor/2021.3.11f1/Editor/Data/MonoBleedingEdge/etc'
Using monoOptions --debugger-agent=transport=dt_socket,embedding=1,server=y,suspend=n,address=127.0.0.1:56336
Begin MonoManager ReloadAssembly
Registering precompiled unity dll's ...
Register platform support module: C:/Program Files/Unity/Hub/Editor/2021.3.11f1/Editor/Data/PlaybackEngines/AndroidPlayer/UnityEditor.Android.Extensions.dll
Register platform support module: C:/Program Files/Unity/Hub/Editor/2021.3.11f1/Editor/Data/PlaybackEngines/WindowsStandaloneSupport/UnityEditor.WindowsStandalone.Extensions.dll
Registered in 0.018462 seconds.
Native extension for WindowsStandalone target not found
Native extension for Android target not found
Refreshing native plugins compatible for Editor in 149.07 ms, found 3 plugins.
Preloading 0 native plugins for Editor in 0.00 ms.
Mono: successfully reloaded assembly
- Completed reload, in  1.142 seconds
Domain Reload Profiling:
	ReloadAssembly (1142ms)
		BeginReloadAssembly (130ms)
			ExecutionOrderSort (0ms)
			DisableScriptedObjects (0ms)
			BackupInstance (0ms)
			ReleaseScriptingObjects (0ms)
			CreateAndSetChildDomain (1ms)
		EndReloadAssembly (789ms)
			LoadAssemblies (120ms)
			RebuildTransferFunctionScriptingTraits (0ms)
			SetupTypeCache (185ms)
			ReleaseScriptCaches (0ms)
			RebuildScriptCaches (41ms)
			SetupLoadedEditorAssemblies (486ms)
				LogAssemblyErrors (0ms)
				InitializePlatformSupportModulesInManaged (98ms)
				SetLoadedEditorAssemblies (0ms)
				RefreshPlugins (149ms)
				BeforeProcessingInitializeOnLoad (10ms)
				ProcessInitializeOnLoadAttributes (156ms)
				ProcessInitializeOnLoadMethodAttributes (72ms)
				AfterProcessingInitializeOnLoad (0ms)
				EditorAssembliesLoaded (0ms)
			ExecutionOrderSort2 (0ms)
			AwakeInstancesAfterBackupRestoration (0ms)
Platform modules already initialized, skipping
Registering precompiled user dll's ...
Registered in 0.017673 seconds.
Begin MonoManager ReloadAssembly
Symbol file LoadedFromMemory doesn't match image C:\Users\ASUS\Desktop\SoccerTask\SoccerBallTask\Library\PackageCache\com.unity.visualscripting@1.7.8\Editor\VisualScripting.Core\Dependencies\YamlDotNet\Unity.VisualScripting.YamlDotNet.dll
Symbol file LoadedFromMemory doesn't match image C:\Users\ASUS\Desktop\SoccerTask\SoccerBallTask\Library\PackageCache\com.unity.visualscripting@1.7.8\Editor\VisualScripting.Core\Dependencies\DotNetZip\Unity.VisualScripting.IonicZip.dll
Native extension for WindowsStandalone target not found
Native extension for Android target not found
Refreshing native plugins compatible for Editor in 0.63 ms, found 3 plugins.
Preloading 0 native plugins for Editor in 0.00 ms.
Mono: successfully reloaded assembly
- Completed reload, in  1.860 seconds
Domain Reload Profiling:
	ReloadAssembly (1861ms)
		BeginReloadAssembly (286ms)
			ExecutionOrderSort (0ms)
			DisableScriptedObjects (13ms)
			BackupInstance (0ms)
			ReleaseScriptingObjects (0ms)
			CreateAndSetChildDomain (145ms)
		EndReloadAssembly (1369ms)
			LoadAssemblies (121ms)
			RebuildTransferFunctionScriptingTraits (0ms)
			SetupTypeCache (486ms)
			ReleaseScriptCaches (1ms)
			RebuildScriptCaches (64ms)
			SetupLoadedEditorAssemblies (613ms)
				LogAssemblyErrors (0ms)
				InitializePlatformSupportModulesInManaged (14ms)
				SetLoadedEditorAssemblies (0ms)
				RefreshPlugins (1ms)
				BeforeProcessingInitializeOnLoad (167ms)
				ProcessInitializeOnLoadAttributes (363ms)
				ProcessInitializeOnLoadMethodAttributes (53ms)
				AfterProcessingInitializeOnLoad (13ms)
				EditorAssembliesLoaded (1ms)
			ExecutionOrderSort2 (0ms)
			AwakeInstancesAfterBackupRestoration (16ms)
Platform modules already initialized, skipping
========================================================================
Worker process is ready to serve import requests
Launched and connected shader compiler UnityShaderCompiler.exe after 0.08 seconds
Refreshing native plugins compatible for Editor in 0.77 ms, found 3 plugins.
Preloading 0 native plugins for Editor in 0.00 ms.
Unloading 3381 Unused Serialized files (Serialized files now loaded: 0)
Unloading 27 unused Assets / (113.4 KB). Loaded Objects now: 3840.
Memory consumption went from 116.4 MB to 116.2 MB.
Total: 3.871800 ms (FindLiveObjects: 0.365500 ms CreateObjectMapping: 0.141900 ms MarkObjects: 3.218300 ms  DeleteObjects: 0.144700 ms)

AssetImportParameters requested are different than current active one (requested -> active):
  custom:video-decoder-ogg-theora: a1e56fd34408186e4bbccfd4996cb3dc -> 
  custom:container-muxer-webm: aa71ff27fc2769a1b78a27578f13a17b -> 
  custom:container-demuxer-webm: 4f35f7cbe854078d1ac9338744f61a02 -> 
  custom:video-encoder-webm-vp8: eb34c28f22e8b96e1ab97ce403110664 -> 
  custom:audio-encoder-webm-vorbis: bf7c407c2cedff20999df2af8eb42d56 -> 
  custom:framework-win-MediaFoundation: 216162199b28c13a410421893ffa2e32 -> 
  custom:container-demuxer-ogg: 62fdf1f143b41e24485cea50d1cbac27 -> 
  custom:video-decoder-webm-vp8: 9c59270c3fd7afecdb556c50c9e8de78 -> 
  custom:audio-decoder-ogg-vorbis: bf7c407c2cedff20999df2af8eb42d56 -> 
========================================================================
Received Import Request.
  Time since last request: 19968.841068 seconds.
  path: Assets/soccerfield/source/football_field.fbx
  artifactKey: Guid(ecaee1120d374ba488471a5486ae66d8) Importer(815301076,1909f56bfc062723c751e8b465ee728b)
Start importing Assets/soccerfield/source/football_field.fbx using Guid(ecaee1120d374ba488471a5486ae66d8) Importer(815301076,1909f56bfc062723c751e8b465ee728b)  -> (artifact id: '167db896afed093bb10f93ed1cd35966') in 0.333822 seconds 
========================================================================
Received Import Request.
  Time since last request: 0.364073 seconds.
  path: Assets/soccerfield/textures/field.mat
  artifactKey: Guid(e95406a5f5086de4292565768be13ffe) Importer(815301076,1909f56bfc062723c751e8b465ee728b)
Start importing Assets/soccerfield/textures/field.mat using Guid(e95406a5f5086de4292565768be13ffe) Importer(815301076,1909f56bfc062723c751e8b465ee728b)  -> (artifact id: '68dc3f830db54ea051d7595d6648edd3') in 0.033654 seconds 
========================================================================
Received Import Request.
  Time since last request: 3.037493 seconds.
  path: Assets/bonusBall.physicMaterial
  artifactKey: Guid(5ba5415f707e11b4aa7316b0803b076a) Importer(815301076,1909f56bfc062723c751e8b465ee728b)
Start importing Assets/bonusBall.physicMaterial using Guid(5ba5415f707e11b4aa7316b0803b076a) Importer(815301076,1909f56bfc062723c751e8b465ee728b)  -> (artifact id: '561d89ea0eaefab3e3fa5ac066ca21aa') in 0.011238 seconds 
========================================================================
Received Import Request.
  Time since last request: 17.564046 seconds.
  path: Assets/realball
  artifactKey: Guid(3764644ed6fce0946a22c60b835352c4) Importer(815301076,1909f56bfc062723c751e8b465ee728b)
Start importing Assets/realball using Guid(3764644ed6fce0946a22c60b835352c4) Importer(815301076,1909f56bfc062723c751e8b465ee728b)  -> (artifact id: '9d3c12b0d814204525194536e8ec0252') in 0.017427 seconds 
========================================================================
Received Import Request.
  Time since last request: 52.240738 seconds.
  path: Assets/realball/source/football_lp.fbx
  artifactKey: Guid(6add0de1a22ede14a84f4af864066c3d) Importer(815301076,1909f56bfc062723c751e8b465ee728b)
Start importing Assets/realball/source/football_lp.fbx using Guid(6add0de1a22ede14a84f4af864066c3d) Importer(815301076,1909f56bfc062723c751e8b465ee728b)  -> (artifact id: 'ea5eca32e32af72499cba444a0a84e72') in 0.055557 seconds 
========================================================================
Received Import Request.
  Time since last request: 1.843732 seconds.
  path: Assets/realball/textures/football_Base_Color.png
  artifactKey: Guid(47bf27727be62774ba5256f8b23a8fbf) Importer(815301076,1909f56bfc062723c751e8b465ee728b)
Start importing Assets/realball/textures/football_Base_Color.png using Guid(47bf27727be62774ba5256f8b23a8fbf) Importer(815301076,1909f56bfc062723c751e8b465ee728b)  -> (artifact id: '84461465d046874d91af6ef75a588731') in 0.055375 seconds 
========================================================================
Received Import Request.
  Time since last request: 0.000033 seconds.
  path: Assets/realball/textures/football_Roughness.png
  artifactKey: Guid(bb971b22b74ed184f8da211307d6688d) Importer(815301076,1909f56bfc062723c751e8b465ee728b)
Start importing Assets/realball/textures/football_Roughness.png using Guid(bb971b22b74ed184f8da211307d6688d) Importer(815301076,1909f56bfc062723c751e8b465ee728b)  -> (artifact id: '2c1b7114f869e614e071f963f76c944f') in 0.041088 seconds 
========================================================================
Received Import Request.
  Time since last request: 0.000038 seconds.
  path: Assets/realball/textures/football_Normal_OpenGL.png
  artifactKey: Guid(f3826e1b44078de4baa63701dde880c1) Importer(815301076,1909f56bfc062723c751e8b465ee728b)
Start importing Assets/realball/textures/football_Normal_OpenGL.png using Guid(f3826e1b44078de4baa63701dde880c1) Importer(815301076,1909f56bfc062723c751e8b465ee728b)  -> (artifact id: '40c11c401e5f8962558a4d1a8f0c0d34') in 0.033025 seconds 
========================================================================
Received Import Request.
  Time since last request: 0.587179 seconds.
  path: Assets/realball/textures
  artifactKey: Guid(6703ebc2b1bdb354fb9160b9b610f245) Importer(815301076,1909f56bfc062723c751e8b465ee728b)
Start importing Assets/realball/textures using Guid(6703ebc2b1bdb354fb9160b9b610f245) Importer(815301076,1909f56bfc062723c751e8b465ee728b)  -> (artifact id: '4ec1279142cc52231de433beaa01dd80') in 0.016885 seconds 
========================================================================
Received Import Request.
  Time since last request: 7.324015 seconds.
  path: Assets/realball/textures/ball.mat
  artifactKey: Guid(2d7280457d602ea47a4ad72da55a54e5) Importer(815301076,1909f56bfc062723c751e8b465ee728b)
Start importing Assets/realball/textures/ball.mat using Guid(2d7280457d602ea47a4ad72da55a54e5) Importer(815301076,1909f56bfc062723c751e8b465ee728b)  -> (artifact id: 'c8218f2567d1e634325a2d3d06b09931') in 0.025975 seconds 
========================================================================
Received Import Request.
  Time since last request: 46.352530 seconds.
  path: Assets/realball/source/football_lp.fbx
  artifactKey: Guid(6add0de1a22ede14a84f4af864066c3d) Importer(815301076,1909f56bfc062723c751e8b465ee728b)
Start importing Assets/realball/source/football_lp.fbx using Guid(6add0de1a22ede14a84f4af864066c3d) Importer(815301076,1909f56bfc062723c751e8b465ee728b)  -> (artifact id: 'ee60254029f4f0e573436d9c051f426b') in 0.043416 seconds 
========================================================================
Received Prepare
Registering precompiled user dll's ...
Registered in 0.006522 seconds.
Begin MonoManager ReloadAssembly
Symbol file LoadedFromMemory doesn't match image C:\Users\ASUS\Desktop\SoccerTask\SoccerBallTask\Library\PackageCache\com.unity.visualscripting@1.7.8\Editor\VisualScripting.Core\Dependencies\YamlDotNet\Unity.VisualScripting.YamlDotNet.dll
Symbol file LoadedFromMemory doesn't match image C:\Users\ASUS\Desktop\SoccerTask\SoccerBallTask\Library\PackageCache\com.unity.visualscripting@1.7.8\Editor\VisualScripting.Core\Dependencies\DotNetZip\Unity.VisualScripting.IonicZip.dll
Native extension for WindowsStandalone target not found
Native extension for Android target not found
Refreshing native plugins compatible for Editor in 2.48 ms, found 3 plugins.
Preloading 0 native plugins for Editor in 0.00 ms.
Mono: successfully reloaded assembly
- Completed reload, in  1.311 seconds
Domain Reload Profiling:
	ReloadAssembly (1312ms)
		BeginReloadAssembly (137ms)
			ExecutionOrderSort (0ms)
			DisableScriptedObjects (4ms)
			BackupInstance (0ms)
			ReleaseScriptingObjects (0ms)
			CreateAndSetChildDomain (42ms)
		EndReloadAssembly (1072ms)
			LoadAssemblies (86ms)
			RebuildTransferFunctionScriptingTraits (0ms)
			SetupTypeCache (292ms)
			ReleaseScriptCaches (2ms)
			RebuildScriptCaches (67ms)
			SetupLoadedEditorAssemblies (533ms)
				LogAssemblyErrors (0ms)
				InitializePlatformSupportModulesInManaged (31ms)
				SetLoadedEditorAssemblies (4ms)
				RefreshPlugins (3ms)
				BeforeProcessingInitializeOnLoad (109ms)
				ProcessInitializeOnLoadAttributes (331ms)
				ProcessInitializeOnLoadMethodAttributes (44ms)
				AfterProcessingInitializeOnLoad (11ms)
				EditorAssembliesLoaded (0ms)
			ExecutionOrderSort2 (0ms)
			AwakeInstancesAfterBackupRestoration (10ms)
Platform modules already initialized, skipping
Refreshing native plugins compatible for Editor in 3.51 ms, found 3 plugins.
Preloading 0 native plugins for Editor in 0.00 ms.
Unloading 3376 Unused Serialized files (Serialized files now loaded: 0)
Unloading 20 unused Assets / (79.9 KB). Loaded Objects now: 3889.
Memory consumption went from 121.0 MB to 120.9 MB.
Total: 3.921100 ms (FindLiveObjects: 0.333300 ms CreateObjectMapping: 0.123100 ms MarkObjects: 3.353200 ms  DeleteObjects: 0.110300 ms)

AssetImportParameters requested are different than current active one (requested -> active):
  custom:video-decoder-ogg-theora: a1e56fd34408186e4bbccfd4996cb3dc -> 
  custom:container-muxer-webm: aa71ff27fc2769a1b78a27578f13a17b -> 
  custom:container-demuxer-webm: 4f35f7cbe854078d1ac9338744f61a02 -> 
  custom:video-encoder-webm-vp8: eb34c28f22e8b96e1ab97ce403110664 -> 
  custom:audio-encoder-webm-vorbis: bf7c407c2cedff20999df2af8eb42d56 -> 
  custom:framework-win-MediaFoundation: 216162199b28c13a410421893ffa2e32 -> 
  custom:container-demuxer-ogg: 62fdf1f143b41e24485cea50d1cbac27 -> 
  custom:video-decoder-webm-vp8: 9c59270c3fd7afecdb556c50c9e8de78 -> 
  custom:audio-decoder-ogg-vorbis: bf7c407c2cedff20999df2af8eb42d56 -> 
